#
# There is insufficient memory for the Java Runtime Environment to continue.
# Native memory allocation (malloc) failed to allocate 303376 bytes for Chunk::new
# Possible reasons:
#   The system is out of physical RAM or swap space
#   The process is running with CompressedOops enabled, and the Java Heap may be blocking the growth of the native heap
# Possible solutions:
#   Reduce memory load on the system
#   Increase physical memory or swap space
#   Check if swap backing store is full
#   Decrease Java heap size (-Xmx/-Xms)
#   Decrease number of Java threads
#   Decrease Java thread stack sizes (-Xss)
#   Set larger code cache with -XX:ReservedCodeCacheSize=
#   JVM is running with Unscaled Compressed Oops mode in which the Java heap is
#     placed in the first 4GB address space. The Java Heap base address is the
#     maximum limit for the native heap growth. Please use -XX:HeapBaseMinAddress
#     to set the Java Heap base and to place the Java Heap above 4GB virtual address.
# This output file may be truncated or incomplete.
#
#  Out of Memory Error (allocation.cpp:389), pid=10688, tid=0x0000000000003384
#
# JRE version: OpenJDK Runtime Environment (8.0_232-b09) (build 1.8.0_232-b09)
# Java VM: OpenJDK 64-Bit Server VM (25.232-b09 mixed mode windows-amd64 compressed oops)
# Failed to write core dump. Minidumps are not enabled by default on client versions of Windows
#

---------------  T H R E A D  ---------------

Current thread (0x000001df1dd70000):  JavaThread "C2 CompilerThread1" daemon [_thread_in_native, id=13188, stack(0x000000a745b00000,0x000000a745c00000)]

Stack: [0x000000a745b00000,0x000000a745c00000]
[error occurred during error reporting (printing stack bounds), id 0xc0000005]

Native frames: (J=compiled Java code, j=interpreted, Vv=VM code, C=native code)


Current CompileTask:
C2:  27724 5495       4       com.sun.tools.javac.file.ZipFileIndex$ZipDirectory::readEntry (587 bytes)


---------------  P R O C E S S  ---------------

Java Threads: ( => current thread )
  0x000001df1ea6c800 JavaThread "Cache worker for Java compile cache (C:\save\modding\eman_mod_1\.gradle\4.10.3\javaCompile)" [_thread_blocked, id=13680, stack(0x000000a747b00000,0x000000a747c00000)]
  0x000001df1ea60000 JavaThread "Cache worker for Java compile cache (C:\Users\ervin_1nmnhvl\.gradle\caches\4.10.3\javaCompile)" [_thread_blocked, id=18068, stack(0x000000a747200000,0x000000a747300000)]
  0x000001df1ea5e800 JavaThread "Cache worker for Build Output Cleanup Cache (C:\save\modding\eman_mod_1\.gradle\buildOutputCleanup)" [_thread_blocked, id=16564, stack(0x000000a747a00000,0x000000a747b00000)]
  0x000001df1ea5f000 JavaThread "Cache worker for task history cache (C:\save\modding\eman_mod_1\.gradle\4.10.3\taskHistory)" [_thread_blocked, id=11508, stack(0x000000a747900000,0x000000a747a00000)]
  0x000001df1ea62000 JavaThread "Task worker for ':' Thread 3" [_thread_blocked, id=7496, stack(0x000000a747800000,0x000000a747900000)]
  0x000001df1ea63800 JavaThread "Task worker for ':' Thread 2" [_thread_in_native, id=17216, stack(0x000000a747700000,0x000000a747800000)]
  0x000001df1ea61800 JavaThread "Task worker for ':'" [_thread_blocked, id=12572, stack(0x000000a747600000,0x000000a747700000)]
  0x000001df1ea65000 JavaThread "Cache worker for file content cache (C:\save\modding\eman_mod_1\.gradle\4.10.3\fileContent)" [_thread_blocked, id=14100, stack(0x000000a747500000,0x000000a747600000)]
  0x000001df1ea64800 JavaThread "Cache worker for file content cache (C:\Users\ervin_1nmnhvl\.gradle\caches\4.10.3\fileContent)" [_thread_blocked, id=12212, stack(0x000000a747400000,0x000000a747500000)]
  0x000001df1ea60800 JavaThread "Memory manager" [_thread_blocked, id=13336, stack(0x000000a747300000,0x000000a747400000)]
  0x000001df1f08d000 JavaThread "Build operations Thread 4" [_thread_blocked, id=9600, stack(0x000000a747100000,0x000000a747200000)]
  0x000001df1f08b800 JavaThread "Build operations Thread 3" [_thread_blocked, id=11364, stack(0x000000a747000000,0x000000a747100000)]
  0x000001df1f08a800 JavaThread "Build operations Thread 2" [_thread_blocked, id=4716, stack(0x000000a746f00000,0x000000a747000000)]
  0x000001df1f087000 JavaThread "Build operations" [_thread_blocked, id=10176, stack(0x000000a746e00000,0x000000a746f00000)]
  0x000001df1f086000 JavaThread "Cache worker for Artifact transforms cache (C:\Users\ervin_1nmnhvl\.gradle\caches\transforms-1)" [_thread_blocked, id=15016, stack(0x000000a746d00000,0x000000a746e00000)]
  0x000001df1f08a000 JavaThread "Cache worker for cache directory md-rule (C:\Users\ervin_1nmnhvl\.gradle\caches\4.10.3\md-rule)" [_thread_blocked, id=10636, stack(0x000000a746c00000,0x000000a746d00000)]
  0x000001df1f088800 JavaThread "Cache worker for cache directory md-supplier (C:\Users\ervin_1nmnhvl\.gradle\caches\4.10.3\md-supplier)" [_thread_blocked, id=6220, stack(0x000000a746b00000,0x000000a746c00000)]
  0x000001df1f08c000 JavaThread "Cache worker for journal cache (C:\Users\ervin_1nmnhvl\.gradle\caches\journal-1)" [_thread_blocked, id=11708, stack(0x000000a746a00000,0x000000a746b00000)]
  0x000001df1effe800 JavaThread "Cache worker for file hash cache (C:\save\modding\eman_mod_1\.gradle\4.10.3\fileHashes)" [_thread_blocked, id=13548, stack(0x000000a746900000,0x000000a746a00000)]
  0x000001df1ea43000 JavaThread "File lock request listener" [_thread_in_native, id=13724, stack(0x000000a746800000,0x000000a746900000)]
  0x000001df1f3c6800 JavaThread "Cache worker for file hash cache (C:\Users\ervin_1nmnhvl\.gradle\caches\4.10.3\fileHashes)" [_thread_blocked, id=16640, stack(0x000000a746700000,0x000000a746800000)]
  0x000001df1ea9d000 JavaThread "Stdin handler" [_thread_blocked, id=8800, stack(0x000000a746600000,0x000000a746700000)]
  0x000001df1ea9b800 JavaThread "Asynchronous log dispatcher for DefaultDaemonConnection: socket connection from /127.0.0.1:58222 to /127.0.0.1:58223" [_thread_blocked, id=19000, stack(0x000000a746500000,0x000000a746600000)]
  0x000001df1ea93000 JavaThread "Daemon worker" [_thread_blocked, id=6720, stack(0x000000a746400000,0x000000a746500000)]
  0x000001df1ea91800 JavaThread "Cancel handler" [_thread_blocked, id=14976, stack(0x000000a746300000,0x000000a746400000)]
  0x000001df1f1e3000 JavaThread "Handler for socket connection from /127.0.0.1:58222 to /127.0.0.1:58223" [_thread_in_native, id=15808, stack(0x000000a746200000,0x000000a746300000)]
  0x000001df1f1e0000 JavaThread "Daemon" [_thread_blocked, id=6428, stack(0x000000a746100000,0x000000a746200000)]
  0x000001df1ea01800 JavaThread "Daemon periodic checks" [_thread_blocked, id=844, stack(0x000000a746000000,0x000000a746100000)]
  0x000001df1ea06000 JavaThread "Incoming local TCP Connector on port 58222" [_thread_in_native, id=16428, stack(0x000000a745f00000,0x000000a746000000)]
  0x000001df1de06800 JavaThread "Service Thread" daemon [_thread_blocked, id=18756, stack(0x000000a745d00000,0x000000a745e00000)]
  0x000001df1dd6a800 JavaThread "C1 CompilerThread2" daemon [_thread_blocked, id=14952, stack(0x000000a745c00000,0x000000a745d00000)]
=>0x000001df1dd70000 JavaThread "C2 CompilerThread1" daemon [_thread_in_native, id=13188, stack(0x000000a745b00000,0x000000a745c00000)]
  0x000001df1dd69000 JavaThread "C2 CompilerThread0" daemon [_thread_in_native, id=8112, stack(0x000000a745a00000,0x000000a745b00000)]
  0x000001df1dd67800 JavaThread "Attach Listener" daemon [_thread_blocked, id=14428, stack(0x000000a745900000,0x000000a745a00000)]
  0x000001df1dd6e000 JavaThread "Signal Dispatcher" daemon [_thread_blocked, id=5644, stack(0x000000a745800000,0x000000a745900000)]
  0x000001df1d612800 JavaThread "Finalizer" daemon [_thread_blocked, id=4128, stack(0x000000a745700000,0x000000a745800000)]
  0x000001df1dd46000 JavaThread "Reference Handler" daemon [_thread_blocked, id=13416, stack(0x000000a745600000,0x000000a745700000)]
  0x000001df09915000 JavaThread "main" [_thread_blocked, id=14804, stack(0x000000a745000000,0x000000a745100000)]

Other Threads:
  0x000001df1dd23000 VMThread [stack: 0x000000a745500000,0x000000a745600000] [id=10916]
  0x000001df1de08800 WatcherThread [stack: 0x000000a745e00000,0x000000a745f00000] [id=14736]

VM state:not at safepoint (normal execution)

VM Mutex/Monitor currently owned by a thread: None

heap address: 0x00000000c0000000, size: 1024 MB, Compressed Oops mode: 32-bit
Narrow klass base: 0x0000000000000000, Narrow klass shift: 3
Compressed class space size: 1073741824 Address: 0x0000000100000000

Heap:
 PSYoungGen      total 204288K, used 51658K [0x00000000eab00000, 0x00000000f9080000, 0x0000000100000000)
  eden space 193536K, 21% used [0x00000000eab00000,0x00000000ed313f90,0x00000000f6800000)
  from space 10752K, 98% used [0x00000000f8600000,0x00000000f905eaf8,0x00000000f9080000)
  to   space 15360K, 0% used [0x00000000f7280000,0x00000000f7280000,0x00000000f8180000)
 ParOldGen       total 71168K, used 30131K [0x00000000c0000000, 0x00000000c4580000, 0x00000000eab00000)
  object space 71168K, 42% used [0x00000000c0000000,0x00000000c1d6cda8,0x00000000c4580000)
 Metaspace       used 49710K, capacity 50786K, committed 50904K, reserved 1093632K
  class space    used 6776K, capacity 7108K, committed 7168K, reserved 1048576K

Card table byte_map: [0x000001df1a7b0000,0x000001df1a9c0000] byte_map_base: 0x000001df1a1b0000

Marking Bits: (ParMarkBitMap*) 0x0000000059d95f70
 Begin Bits: [0x000001df1ab20000, 0x000001df1bb20000)
 End Bits:   [0x000001df1bb20000, 0x000001df1cb20000)

Polling page: 0x000001df09b20000

CodeCache: size=245760Kb used=16769Kb max_used=16769Kb free=228990Kb
 bounds [0x000001df0b3f0000, 0x000001df0c470000, 0x000001df1a3f0000]
 total_blobs=5604 nmethods=4816 adapters=699
 compilation: enabled

Compilation events (10 events):
Event: 27.585 Thread 0x000001df1dd70000 5495       4       com.sun.tools.javac.file.ZipFileIndex$ZipDirectory::readEntry (587 bytes)
Event: 27.593 Thread 0x000001df1dd6a800 5505       2       java.util.ComparableTimSort::mergeHi (729 bytes)
Event: 27.596 Thread 0x000001df1dd6a800 nmethod 5505 0x000001df0c44aa90 code [0x000001df0c44ad40, 0x000001df0c44c520]
Event: 27.698 Thread 0x000001df1dd6a800 5507       2       java.util.ComparableTimSort::mergeLo (656 bytes)
Event: 27.700 Thread 0x000001df1dd6a800 nmethod 5507 0x000001df0c45e990 code [0x000001df0c45ec40, 0x000001df0c460360]
Event: 27.700 Thread 0x000001df1dd6a800 5508 %     3       java.util.ComparableTimSort::countRunAndMakeAscending @ 89 (123 bytes)
Event: 27.701 Thread 0x000001df1dd6a800 nmethod 5508% 0x000001df0c4493d0 code [0x000001df0c449600, 0x000001df0c44a490]
Event: 27.701 Thread 0x000001df1dd6a800 5509       3       java.util.ComparableTimSort::countRunAndMakeAscending (123 bytes)
Event: 27.702 Thread 0x000001df1dd6a800 nmethod 5509 0x000001df0c461110 code [0x000001df0c461320, 0x000001df0c4620d0]
Event: 27.720 Thread 0x000001df1dd6a800 5510       1       java.util.Collections::emptySet (4 bytes)

GC Heap History (10 events):
Event: 21.398 GC heap before
{Heap before GC invocations=12 (full 2):
 PSYoungGen      total 109568K, used 90211K [0x00000000eab00000, 0x00000000f5600000, 0x0000000100000000)
  eden space 97792K, 92% used [0x00000000eab00000,0x00000000f0318c38,0x00000000f0a80000)
  from space 11776K, 0% used [0x00000000f0a80000,0x00000000f0a80000,0x00000000f1600000)
  to   space 11264K, 0% used [0x00000000f4b00000,0x00000000f4b00000,0x00000000f5600000)
 ParOldGen       total 71168K, used 14536K [0x00000000c0000000, 0x00000000c4580000, 0x00000000eab00000)
  object space 71168K, 20% used [0x00000000c0000000,0x00000000c0e320f0,0x00000000c4580000)
 Metaspace       used 40282K, capacity 41028K, committed 41176K, reserved 1085440K
  class space    used 5537K, capacity 5796K, committed 5888K, reserved 1048576K
Event: 21.434 GC heap after
Heap after GC invocations=12 (full 2):
 PSYoungGen      total 154112K, used 11259K [0x00000000eab00000, 0x00000000f5600000, 0x0000000100000000)
  eden space 142848K, 0% used [0x00000000eab00000,0x00000000eab00000,0x00000000f3680000)
  from space 11264K, 99% used [0x00000000f4b00000,0x00000000f55feed0,0x00000000f5600000)
  to   space 15360K, 0% used [0x00000000f3800000,0x00000000f3800000,0x00000000f4700000)
 ParOldGen       total 71168K, used 22138K [0x00000000c0000000, 0x00000000c4580000, 0x00000000eab00000)
  object space 71168K, 31% used [0x00000000c0000000,0x00000000c159ea68,0x00000000c4580000)
 Metaspace       used 40282K, capacity 41028K, committed 41176K, reserved 1085440K
  class space    used 5537K, capacity 5796K, committed 5888K, reserved 1048576K
}
Event: 22.384 GC heap before
{Heap before GC invocations=13 (full 2):
 PSYoungGen      total 154112K, used 149377K [0x00000000eab00000, 0x00000000f5600000, 0x0000000100000000)
  eden space 142848K, 96% used [0x00000000eab00000,0x00000000f31e1800,0x00000000f3680000)
  from space 11264K, 99% used [0x00000000f4b00000,0x00000000f55feed0,0x00000000f5600000)
  to   space 15360K, 0% used [0x00000000f3800000,0x00000000f3800000,0x00000000f4700000)
 ParOldGen       total 71168K, used 22138K [0x00000000c0000000, 0x00000000c4580000, 0x00000000eab00000)
  object space 71168K, 31% used [0x00000000c0000000,0x00000000c159ea68,0x00000000c4580000)
 Metaspace       used 40603K, capacity 41404K, committed 41688K, reserved 1085440K
  class space    used 5553K, capacity 5830K, committed 5888K, reserved 1048576K
Event: 22.435 GC heap after
Heap after GC invocations=13 (full 2):
 PSYoungGen      total 159744K, used 8752K [0x00000000eab00000, 0x00000000f9480000, 0x0000000100000000)
  eden space 144384K, 0% used [0x00000000eab00000,0x00000000eab00000,0x00000000f3800000)
  from space 15360K, 56% used [0x00000000f3800000,0x00000000f408c090,0x00000000f4700000)
  to   space 14848K, 0% used [0x00000000f8600000,0x00000000f8600000,0x00000000f9480000)
 ParOldGen       total 71168K, used 66860K [0x00000000c0000000, 0x00000000c4580000, 0x00000000eab00000)
  object space 71168K, 93% used [0x00000000c0000000,0x00000000c414b318,0x00000000c4580000)
 Metaspace       used 40603K, capacity 41404K, committed 41688K, reserved 1085440K
  class space    used 5553K, capacity 5830K, committed 5888K, reserved 1048576K
}
Event: 22.435 GC heap before
{Heap before GC invocations=14 (full 3):
 PSYoungGen      total 159744K, used 8752K [0x00000000eab00000, 0x00000000f9480000, 0x0000000100000000)
  eden space 144384K, 0% used [0x00000000eab00000,0x00000000eab00000,0x00000000f3800000)
  from space 15360K, 56% used [0x00000000f3800000,0x00000000f408c090,0x00000000f4700000)
  to   space 14848K, 0% used [0x00000000f8600000,0x00000000f8600000,0x00000000f9480000)
 ParOldGen       total 71168K, used 66860K [0x00000000c0000000, 0x00000000c4580000, 0x00000000eab00000)
  object space 71168K, 93% used [0x00000000c0000000,0x00000000c414b318,0x00000000c4580000)
 Metaspace       used 40603K, capacity 41404K, committed 41688K, reserved 1085440K
  class space    used 5553K, capacity 5830K, committed 5888K, reserved 1048576K
Event: 22.655 GC heap after
Heap after GC invocations=14 (full 3):
 PSYoungGen      total 159744K, used 0K [0x00000000eab00000, 0x00000000f9480000, 0x0000000100000000)
  eden space 144384K, 0% used [0x00000000eab00000,0x00000000eab00000,0x00000000f3800000)
  from space 15360K, 0% used [0x00000000f3800000,0x00000000f3800000,0x00000000f4700000)
  to   space 14848K, 0% used [0x00000000f8600000,0x00000000f8600000,0x00000000f9480000)
 ParOldGen       total 71168K, used 51016K [0x00000000c0000000, 0x00000000c4580000, 0x00000000eab00000)
  object space 71168K, 71% used [0x00000000c0000000,0x00000000c31d21a0,0x00000000c4580000)
 Metaspace       used 40603K, capacity 41404K, committed 41688K, reserved 1085440K
  class space    used 5553K, capacity 5830K, committed 5888K, reserved 1048576K
}
Event: 23.995 GC heap before
{Heap before GC invocations=15 (full 4):
 PSYoungGen      total 159744K, used 138394K [0x00000000eab00000, 0x00000000f9480000, 0x0000000100000000)
  eden space 144384K, 95% used [0x00000000eab00000,0x00000000f3226b80,0x00000000f3800000)
  from space 15360K, 0% used [0x00000000f3800000,0x00000000f3800000,0x00000000f4700000)
  to   space 14848K, 0% used [0x00000000f8600000,0x00000000f8600000,0x00000000f9480000)
 ParOldGen       total 71168K, used 51016K [0x00000000c0000000, 0x00000000c4580000, 0x00000000eab00000)
  object space 71168K, 71% used [0x00000000c0000000,0x00000000c31d21a0,0x00000000c4580000)
 Metaspace       used 44853K, capacity 45768K, committed 45912K, reserved 1089536K
  class space    used 6193K, capacity 6489K, committed 6528K, reserved 1048576K
Event: 24.057 GC heap after
Heap after GC invocations=15 (full 4):
 PSYoungGen      total 159744K, used 0K [0x00000000eab00000, 0x00000000f9480000, 0x0000000100000000)
  eden space 144384K, 0% used [0x00000000eab00000,0x00000000eab00000,0x00000000f3800000)
  from space 15360K, 0% used [0x00000000f3800000,0x00000000f3800000,0x00000000f4700000)
  to   space 14848K, 0% used [0x00000000f8600000,0x00000000f8600000,0x00000000f9480000)
 ParOldGen       total 71168K, used 30123K [0x00000000c0000000, 0x00000000c4580000, 0x00000000eab00000)
  object space 71168K, 42% used [0x00000000c0000000,0x00000000c1d6ada8,0x00000000c4580000)
 Metaspace       used 44853K, capacity 45768K, committed 45912K, reserved 1089536K
  class space    used 6193K, capacity 6489K, committed 6528K, reserved 1048576K
}
Event: 26.845 GC heap before
{Heap before GC invocations=16 (full 4):
 PSYoungGen      total 159744K, used 144384K [0x00000000eab00000, 0x00000000f9480000, 0x0000000100000000)
  eden space 144384K, 100% used [0x00000000eab00000,0x00000000f3800000,0x00000000f3800000)
  from space 15360K, 0% used [0x00000000f3800000,0x00000000f3800000,0x00000000f4700000)
  to   space 14848K, 0% used [0x00000000f8600000,0x00000000f8600000,0x00000000f9480000)
 ParOldGen       total 71168K, used 30123K [0x00000000c0000000, 0x00000000c4580000, 0x00000000eab00000)
  object space 71168K, 42% used [0x00000000c0000000,0x00000000c1d6ada8,0x00000000c4580000)
 Metaspace       used 49075K, capacity 50178K, committed 50392K, reserved 1093632K
  class space    used 6742K, capacity 7076K, committed 7168K, reserved 1048576K
Event: 26.859 GC heap after
Heap after GC invocations=16 (full 4):
 PSYoungGen      total 204288K, used 10618K [0x00000000eab00000, 0x00000000f9080000, 0x0000000100000000)
  eden space 193536K, 0% used [0x00000000eab00000,0x00000000eab00000,0x00000000f6800000)
  from space 10752K, 98% used [0x00000000f8600000,0x00000000f905eaf8,0x00000000f9080000)
  to   space 15360K, 0% used [0x00000000f7280000,0x00000000f7280000,0x00000000f8180000)
 ParOldGen       total 71168K, used 30131K [0x00000000c0000000, 0x00000000c4580000, 0x00000000eab00000)
  object space 71168K, 42% used [0x00000000c0000000,0x00000000c1d6cda8,0x00000000c4580000)
 Metaspace       used 49075K, capacity 50178K, committed 50392K, reserved 1093632K
  class space    used 6742K, capacity 7076K, committed 7168K, reserved 1048576K
}

Deoptimization events (10 events):
Event: 26.459 Thread 0x000001df1ea63800 Uncommon trap: reason=unstable_if action=reinterpret pc=0x000001df0bc01adc method=java.util.jar.JarFile.maybeInstantiateVerifier()V @ 4
Event: 26.459 Thread 0x000001df1ea63800 Uncommon trap: reason=unstable_if action=reinterpret pc=0x000001df0c1caa60 method=java.security.CodeSource.matchCerts(Ljava/security/CodeSource;Z)Z @ 11
Event: 26.460 Thread 0x000001df1ea63800 Uncommon trap: reason=unstable_if action=reinterpret pc=0x000001df0b950cdc method=java.security.CodeSource.getCertificates()[Ljava/security/cert/Certificate; @ 4
Event: 26.464 Thread 0x000001df1ea63800 Uncommon trap: reason=unstable_if action=reinterpret pc=0x000001df0c1af23c method=java.security.CodeSource.matchCerts(Ljava/security/CodeSource;Z)Z @ 11
Event: 26.936 Thread 0x000001df1ea63800 Uncommon trap: reason=unstable_if action=reinterpret pc=0x000001df0b646c3c method=sun.nio.cs.UTF_8$Decoder.decode([BII[C)I @ 30
Event: 26.936 Thread 0x000001df1ea63800 Uncommon trap: reason=unstable_if action=reinterpret pc=0x000001df0c2d4298 method=java.lang.StringCoding.safeTrim([CILjava/nio/charset/Charset;Z)[C @ 3
Event: 27.145 Thread 0x000001df1ea63800 Uncommon trap: reason=unstable_if action=reinterpret pc=0x000001df0c2cd560 method=com.sun.tools.javac.util.Name$Table.equals([BI[BII)Z @ 22
Event: 27.288 Thread 0x000001df1ea63800 Uncommon trap: reason=unstable_if action=reinterpret pc=0x000001df0c3d6854 method=com.sun.tools.javac.util.Position$LineMapImpl.build([CI)V @ 87
Event: 27.288 Thread 0x000001df1ea63800 Uncommon trap: reason=unstable_if action=reinterpret pc=0x000001df0c3981a8 method=com.sun.tools.javac.util.Position$LineMapImpl.build([CI)V @ 87
Event: 27.472 Thread 0x000001df1ea63800 Uncommon trap: reason=unstable_if action=reinterpret pc=0x000001df0c2e70c4 method=java.lang.StringCoding$StringDecoder.decode([BII)[C @ 20

Classes redefined (0 events):
No events

Internal exceptions (10 events):
Event: 27.608 Thread 0x000001df1ea63800 Exception <a 'java/io/FileNotFoundException'> (0x00000000ecf16e30) thrown at [C:\cygwin64\tmp\openjdk-jdk8u-windows-x64-hotspot\workspace\build\src\hotspot\src\share\vm\prims\jni.cpp, line 710]
Event: 27.609 Thread 0x000001df1ea63800 Exception <a 'java/io/FileNotFoundException'> (0x00000000ecf18970) thrown at [C:\cygwin64\tmp\openjdk-jdk8u-windows-x64-hotspot\workspace\build\src\hotspot\src\share\vm\prims\jni.cpp, line 710]
Event: 27.609 Thread 0x000001df1ea63800 Exception <a 'java/io/FileNotFoundException'> (0x00000000ecf1a4b0) thrown at [C:\cygwin64\tmp\openjdk-jdk8u-windows-x64-hotspot\workspace\build\src\hotspot\src\share\vm\prims\jni.cpp, line 710]
Event: 27.610 Thread 0x000001df1ea63800 Exception <a 'java/io/FileNotFoundException'> (0x00000000ecf1c080) thrown at [C:\cygwin64\tmp\openjdk-jdk8u-windows-x64-hotspot\workspace\build\src\hotspot\src\share\vm\prims\jni.cpp, line 710]
Event: 27.610 Thread 0x000001df1ea63800 Exception <a 'java/io/FileNotFoundException'> (0x00000000ecf1dc10) thrown at [C:\cygwin64\tmp\openjdk-jdk8u-windows-x64-hotspot\workspace\build\src\hotspot\src\share\vm\prims\jni.cpp, line 710]
Event: 27.611 Thread 0x000001df1ea63800 Exception <a 'java/io/FileNotFoundException'> (0x00000000ecf1f880) thrown at [C:\cygwin64\tmp\openjdk-jdk8u-windows-x64-hotspot\workspace\build\src\hotspot\src\share\vm\prims\jni.cpp, line 710]
Event: 27.612 Thread 0x000001df1ea63800 Exception <a 'java/io/FileNotFoundException'> (0x00000000ecf21578) thrown at [C:\cygwin64\tmp\openjdk-jdk8u-windows-x64-hotspot\workspace\build\src\hotspot\src\share\vm\prims\jni.cpp, line 710]
Event: 27.612 Thread 0x000001df1ea63800 Exception <a 'java/io/FileNotFoundException'> (0x00000000ecf23268) thrown at [C:\cygwin64\tmp\openjdk-jdk8u-windows-x64-hotspot\workspace\build\src\hotspot\src\share\vm\prims\jni.cpp, line 710]
Event: 27.613 Thread 0x000001df1ea63800 Exception <a 'java/io/FileNotFoundException'> (0x00000000ecf24de8) thrown at [C:\cygwin64\tmp\openjdk-jdk8u-windows-x64-hotspot\workspace\build\src\hotspot\src\share\vm\prims\jni.cpp, line 710]
Event: 27.613 Thread 0x000001df1ea63800 Exception <a 'java/io/FileNotFoundException'> (0x00000000ecf269e8) thrown at [C:\cygwin64\tmp\openjdk-jdk8u-windows-x64-hotspot\workspace\build\src\hotspot\src\share\vm\prims\jni.cpp, line 710]

Events (10 events):
Event: 27.503 Thread 0x000001df1ea63800 DEOPT PACKING pc=0x000001df0c433f0e sp=0x000000a7477fbd30
Event: 27.503 Thread 0x000001df1ea63800 DEOPT UNPACKING pc=0x000001df0b4375d8 sp=0x000000a7477fbb58 mode 0
Event: 27.504 Thread 0x000001df1ea63800 DEOPT PACKING pc=0x000001df0c433ef2 sp=0x000000a7477fbd30
Event: 27.504 Thread 0x000001df1ea63800 DEOPT UNPACKING pc=0x000001df0b4375d8 sp=0x000000a7477fbb58 mode 0
Event: 27.504 Thread 0x000001df1ea63800 DEOPT PACKING pc=0x000001df0c433f0e sp=0x000000a7477fbd30
Event: 27.504 Thread 0x000001df1ea63800 DEOPT UNPACKING pc=0x000001df0b4375d8 sp=0x000000a7477fbb58 mode 0
Event: 27.538 loading class com/sun/tools/javac/file/JavacFileManager$MissingArchive
Event: 27.538 loading class com/sun/tools/javac/file/JavacFileManager$MissingArchive done
Event: 27.702 Thread 0x000001df1ea63800 DEOPT PACKING pc=0x000001df0c44ded7 sp=0x000000a7477fbd00
Event: 27.702 Thread 0x000001df1ea63800 DEOPT UNPACKING pc=0x000001df0b4375d8 sp=0x000000a7477fba60 mode 0


Dynamic libraries:
0x00007ff692b30000 - 0x00007ff692b6a000 	C:\Users\ervin_1nmnhvl\.jdks\adopt-openjdk-1.8.0_232\bin\java.exe
0x00007ff9b0130000 - 0x00007ff9b0325000 	C:\WINDOWS\SYSTEM32\ntdll.dll
0x00007ff9ae8a0000 - 0x00007ff9ae95d000 	C:\WINDOWS\System32\KERNEL32.DLL
0x00007ff9addc0000 - 0x00007ff9ae089000 	C:\WINDOWS\System32\KERNELBASE.dll
0x00007ff9af1b0000 - 0x00007ff9af25c000 	C:\WINDOWS\System32\ADVAPI32.dll
0x00007ff9afe20000 - 0x00007ff9afebe000 	C:\WINDOWS\System32\msvcrt.dll
0x00007ff9af0b0000 - 0x00007ff9af14c000 	C:\WINDOWS\System32\sechost.dll
0x00007ff9aff60000 - 0x00007ff9b008b000 	C:\WINDOWS\System32\RPCRT4.dll
0x00007ff9afbf0000 - 0x00007ff9afd90000 	C:\WINDOWS\System32\USER32.dll
0x00007ff9adc30000 - 0x00007ff9adc52000 	C:\WINDOWS\System32\win32u.dll
0x00007ff9aff30000 - 0x00007ff9aff5a000 	C:\WINDOWS\System32\GDI32.dll
0x00007ff9adb20000 - 0x00007ff9adc2b000 	C:\WINDOWS\System32\gdi32full.dll
0x00007ff9ada80000 - 0x00007ff9adb1d000 	C:\WINDOWS\System32\msvcp_win.dll
0x00007ff9adcc0000 - 0x00007ff9addc0000 	C:\WINDOWS\System32\ucrtbase.dll
0x00007ff995090000 - 0x00007ff99532a000 	C:\WINDOWS\WinSxS\amd64_microsoft.windows.common-controls_6595b64144ccf1df_6.0.19041.844_none_ca00b6081b84eb1d\COMCTL32.dll
0x00007ff9ae260000 - 0x00007ff9ae290000 	C:\WINDOWS\System32\IMM32.DLL
0x00007ff98a710000 - 0x00007ff98a7ff000 	C:\Users\ervin_1nmnhvl\.jdks\adopt-openjdk-1.8.0_232\jre\bin\msvcr120.dll
0x00007ff986bc0000 - 0x00007ff986c66000 	C:\Users\ervin_1nmnhvl\.jdks\adopt-openjdk-1.8.0_232\jre\bin\msvcp120.dll
0x0000000059610000 - 0x0000000059e0f000 	C:\Users\ervin_1nmnhvl\.jdks\adopt-openjdk-1.8.0_232\jre\bin\server\jvm.dll
0x00007ff9afbe0000 - 0x00007ff9afbe8000 	C:\WINDOWS\System32\PSAPI.DLL
0x00007ff9a9d50000 - 0x00007ff9a9d59000 	C:\WINDOWS\SYSTEM32\WSOCK32.dll
0x00007ff9afec0000 - 0x00007ff9aff2b000 	C:\WINDOWS\System32\WS2_32.dll
0x00007ff9a78a0000 - 0x00007ff9a78c7000 	C:\WINDOWS\SYSTEM32\WINMM.dll
0x00007ff9a76a0000 - 0x00007ff9a76aa000 	C:\WINDOWS\SYSTEM32\VERSION.dll
0x00007ff9a8180000 - 0x00007ff9a818f000 	C:\Users\ervin_1nmnhvl\.jdks\adopt-openjdk-1.8.0_232\jre\bin\verify.dll
0x00007ff996e90000 - 0x00007ff996eb8000 	C:\Users\ervin_1nmnhvl\.jdks\adopt-openjdk-1.8.0_232\jre\bin\java.dll
0x00007ff997260000 - 0x00007ff997276000 	C:\Users\ervin_1nmnhvl\.jdks\adopt-openjdk-1.8.0_232\jre\bin\zip.dll
0x00007ff9af2c0000 - 0x00007ff9afa02000 	C:\WINDOWS\System32\SHELL32.dll
0x00007ff9ab790000 - 0x00007ff9abf20000 	C:\WINDOWS\SYSTEM32\windows.storage.dll
0x00007ff9ae2a0000 - 0x00007ff9ae5f5000 	C:\WINDOWS\System32\combase.dll
0x00007ff9ad210000 - 0x00007ff9ad23c000 	C:\WINDOWS\SYSTEM32\Wldp.dll
0x00007ff9afa10000 - 0x00007ff9afabe000 	C:\WINDOWS\System32\SHCORE.dll
0x00007ff9ae680000 - 0x00007ff9ae6d5000 	C:\WINDOWS\System32\shlwapi.dll
0x00007ff9ad7b0000 - 0x00007ff9ad7cf000 	C:\WINDOWS\SYSTEM32\profapi.dll
0x00007ff98cb90000 - 0x00007ff98cbaa000 	C:\Users\ervin_1nmnhvl\.jdks\adopt-openjdk-1.8.0_232\jre\bin\net.dll
0x00007ff9ad000000 - 0x00007ff9ad06a000 	C:\WINDOWS\system32\mswsock.dll
0x00007ff98a6f0000 - 0x00007ff98a702000 	C:\Users\ervin_1nmnhvl\.jdks\adopt-openjdk-1.8.0_232\jre\bin\nio.dll
0x00007ff997d30000 - 0x00007ff997d4e000 	C:\Users\ervin_1nmnhvl\.gradle\native\25\windows-amd64\native-platform.dll
0x00007ff9a2790000 - 0x00007ff9a279d000 	C:\Users\ervin_1nmnhvl\.jdks\adopt-openjdk-1.8.0_232\jre\bin\management.dll
0x00007ff9ad540000 - 0x00007ff9ad558000 	C:\WINDOWS\SYSTEM32\CRYPTSP.dll
0x00007ff9ac840000 - 0x00007ff9ac874000 	C:\WINDOWS\system32\rsaenh.dll
0x00007ff9ae110000 - 0x00007ff9ae137000 	C:\WINDOWS\System32\bcrypt.dll
0x00007ff9ad770000 - 0x00007ff9ad79e000 	C:\WINDOWS\SYSTEM32\USERENV.dll
0x00007ff9ae090000 - 0x00007ff9ae110000 	C:\WINDOWS\System32\bcryptprimitives.dll
0x00007ff9ad180000 - 0x00007ff9ad18c000 	C:\WINDOWS\SYSTEM32\CRYPTBASE.dll
0x00007ff9accc0000 - 0x00007ff9accfb000 	C:\WINDOWS\SYSTEM32\IPHLPAPI.DLL
0x00007ff9ae290000 - 0x00007ff9ae298000 	C:\WINDOWS\System32\NSI.dll
0x00007ff9a55b0000 - 0x00007ff9a55c7000 	C:\WINDOWS\SYSTEM32\dhcpcsvc6.DLL
0x00007ff9a52e0000 - 0x00007ff9a52fd000 	C:\WINDOWS\SYSTEM32\dhcpcsvc.DLL
0x00007ff9acd00000 - 0x00007ff9acdcb000 	C:\WINDOWS\SYSTEM32\DNSAPI.dll
0x00007ff986ae0000 - 0x00007ff986b03000 	C:\Users\ervin_1nmnhvl\.jdks\adopt-openjdk-1.8.0_232\jre\bin\sunec.dll
0x00007ff9a8190000 - 0x00007ff9a819b000 	C:\Users\ervin_1nmnhvl\.jdks\adopt-openjdk-1.8.0_232\jre\bin\sunmscapi.dll
0x00007ff9ad920000 - 0x00007ff9ada7f000 	C:\WINDOWS\System32\CRYPT32.dll
0x00007ff99eb50000 - 0x00007ff99eb5a000 	C:\Windows\System32\rasadhlp.dll
0x00007ff9a37f0000 - 0x00007ff9a386f000 	C:\WINDOWS\System32\fwpuclnt.dll

VM Arguments:
jvm_args: -XX:+HeapDumpOnOutOfMemoryError -Xmx1024m -Dfile.encoding=windows-1250 -Duser.country=HU -Duser.language=hu -Duser.variant 
java_command: org.gradle.launcher.daemon.bootstrap.GradleDaemon 4.10.3
java_class_path (initial): C:\Users\ervin_1nmnhvl\.gradle\wrapper\dists\gradle-4.10.3-bin\31t79e2qsceia4mkbojplrgx\gradle-4.10.3\lib\gradle-launcher-4.10.3.jar
Launcher Type: SUN_STANDARD

Environment Variables:
JAVA_HOME=C:\Program Files\Java\jdk-11.0.4
PATH=C:\Program Files\Docker\Docker\Resources\bin;C:\ProgramData\Oracle\Java\javapath;C:\WINDOWS\system32;C:\WINDOWS;C:\WINDOWS\System32\Wbem;C:\WINDOWS\System32\WindowsPowerShell\v1.0\;C:\Program Files (x86)\cloudControl;C:\Program Files\Git\cmd;C:\bin;C:\Program Files (x86)\Windows Kits\8.1\Windows Performance Toolkit\;C:\Program Files (x86)\PuTTY\;C:\Program Files (x86)\Nodist\bin;G:\save\sdk\android\tools;G:\save\sdk\android\platform-tools;C:\boxfuse;C:\Program Files (x86)\Skype\Phone\;C:\Program Files (x86)\GtkSharp\2.12\bin;C:\Program Files (x86)\IVI Foundation\VISA\WinNT\Bin;C:\WINDOWS\system32;C:\WINDOWS;C:\WINDOWS\System32\Wbem;C:\WINDOWS\System32\WindowsPowerShell\v1.0\;;C:\WINDOWS\System32\OpenSSH\;C:\Users\ervin_1nmnhvl\AppData\Local\Microsoft\WindowsApps;
USERNAME=ervin_1nmnhvl
OS=Windows_NT
PROCESSOR_IDENTIFIER=Intel64 Family 6 Model 42 Stepping 7, GenuineIntel



---------------  S Y S T E M  ---------------

OS: Windows 10.0 , 64 bit Build 19041 (10.0.19041.804)

CPU:total 4 (initial active 4) (2 cores per cpu, 2 threads per core) family 6 model 42 stepping 7, cmov, cx8, fxsr, mmx, sse, sse2, sse3, ssse3, sse4.1, sse4.2, popcnt, avx, aes, clmul, ht, tsc, tscinvbit

Memory: 4k page, physical 8266764k(548396k free), swap 10363916k(2268k free)

vm_info: OpenJDK 64-Bit Server VM (25.232-b09) for windows-amd64 JRE (1.8.0_232-b09), built on Oct 18 2019 15:06:13 by "jenkins" with MS VC++ 12.0 (VS2013)

time: Tue Mar 30 17:50:51 2021
timezone: Közép-európai nyári ido 
elapsed time: 27 seconds (0d 0h 0m 27s)

