#
# There is insufficient memory for the Java Runtime Environment to continue.
# Native memory allocation (malloc) failed to allocate 65552 bytes for Chunk::new
# Possible reasons:
#   The system is out of physical RAM or swap space
#   The process is running with CompressedOops enabled, and the Java Heap may be blocking the growth of the native heap
# Possible solutions:
#   Reduce memory load on the system
#   Increase physical memory or swap space
#   Check if swap backing store is full
#   Decrease Java heap size (-Xmx/-Xms)
#   Decrease number of Java threads
#   Decrease Java thread stack sizes (-Xss)
#   Set larger code cache with -XX:ReservedCodeCacheSize=
#   JVM is running with Unscaled Compressed Oops mode in which the Java heap is
#     placed in the first 4GB address space. The Java Heap base address is the
#     maximum limit for the native heap growth. Please use -XX:HeapBaseMinAddress
#     to set the Java Heap base and to place the Java Heap above 4GB virtual address.
# This output file may be truncated or incomplete.
#
#  Out of Memory Error (allocation.cpp:389), pid=7820, tid=0x00000000000037d4
#
# JRE version: OpenJDK Runtime Environment (8.0_232-b09) (build 1.8.0_232-b09)
# Java VM: OpenJDK 64-Bit Server VM (25.232-b09 mixed mode windows-amd64 compressed oops)
# Failed to write core dump. Minidumps are not enabled by default on client versions of Windows
#

---------------  T H R E A D  ---------------

Current thread (0x00000206e2d83000):  JavaThread "C2 CompilerThread1" daemon [_thread_in_native, id=14292, stack(0x0000004f09000000,0x0000004f09100000)]

Stack: [0x0000004f09000000,0x0000004f09100000]
[error occurred during error reporting (printing stack bounds), id 0xc0000005]

Native frames: (J=compiled Java code, j=interpreted, Vv=VM code, C=native code)


Current CompileTask:
C2:  18122 4589       4       java.util.HashMap$Values::forEach (110 bytes)


---------------  P R O C E S S  ---------------

Java Threads: ( => current thread )
  0x00000206e5cf0000 JavaThread "Cache worker for Build Output Cleanup Cache (C:\save\modding\eman_mod_1\.gradle\buildOutputCleanup)" [_thread_blocked, id=15712, stack(0x0000004f0ac00000,0x0000004f0ad00000)]
  0x00000206e5cee000 JavaThread "Cache worker for task history cache (C:\save\modding\eman_mod_1\.gradle\4.10.3\taskHistory)" [_thread_blocked, id=10020, stack(0x0000004f0ab00000,0x0000004f0ac00000)]
  0x00000206e5cef800 JavaThread "Task worker for ':' Thread 3" [_thread_blocked, id=15736, stack(0x0000004f0aa00000,0x0000004f0ab00000)]
  0x00000206e5ced000 JavaThread "Task worker for ':' Thread 2" [_thread_in_Java, id=3672, stack(0x0000004f0a900000,0x0000004f0aa00000)]
  0x00000206e5ceb000 JavaThread "Task worker for ':'" [_thread_blocked, id=1192, stack(0x0000004f0a800000,0x0000004f0a900000)]
  0x00000206e5cec800 JavaThread "Keep-Alive-Timer" daemon [_thread_blocked, id=14960, stack(0x0000004f0a700000,0x0000004f0a800000)]
  0x00000206e5cee800 JavaThread "Build operations Thread 4" [_thread_blocked, id=2528, stack(0x0000004f0a600000,0x0000004f0a700000)]
  0x00000206e5ce8800 JavaThread "Build operations Thread 3" [_thread_blocked, id=13864, stack(0x0000004f0a500000,0x0000004f0a600000)]
  0x00000206e6369800 JavaThread "Build operations Thread 2" [_thread_blocked, id=8028, stack(0x0000004f0a400000,0x0000004f0a500000)]
  0x00000206e6369000 JavaThread "Build operations" [_thread_blocked, id=11040, stack(0x0000004f0a300000,0x0000004f0a400000)]
  0x00000206e636e000 JavaThread "Cache worker for Artifact transforms cache (C:\Users\ervin_1nmnhvl\.gradle\caches\transforms-1)" [_thread_blocked, id=2896, stack(0x0000004f0a200000,0x0000004f0a300000)]
  0x00000206e636b000 JavaThread "Cache worker for cache directory md-rule (C:\Users\ervin_1nmnhvl\.gradle\caches\4.10.3\md-rule)" [_thread_blocked, id=14756, stack(0x0000004f0a100000,0x0000004f0a200000)]
  0x00000206e6370000 JavaThread "Cache worker for cache directory md-supplier (C:\Users\ervin_1nmnhvl\.gradle\caches\4.10.3\md-supplier)" [_thread_blocked, id=16000, stack(0x0000004f0a000000,0x0000004f0a100000)]
  0x00000206e636d800 JavaThread "Cache worker for journal cache (C:\Users\ervin_1nmnhvl\.gradle\caches\journal-1)" [_thread_blocked, id=5112, stack(0x0000004f09f00000,0x0000004f0a000000)]
  0x00000206e636c000 JavaThread "Cache worker for file hash cache (C:\save\modding\eman_mod_1\.gradle\4.10.3\fileHashes)" [_thread_blocked, id=4904, stack(0x0000004f09e00000,0x0000004f09f00000)]
  0x00000206e5f0e000 JavaThread "File lock request listener" [_thread_in_native, id=7832, stack(0x0000004f09d00000,0x0000004f09e00000)]
  0x00000206e3bb9800 JavaThread "Cache worker for file hash cache (C:\Users\ervin_1nmnhvl\.gradle\caches\4.10.3\fileHashes)" [_thread_blocked, id=12412, stack(0x0000004f09c00000,0x0000004f09d00000)]
  0x00000206e519c000 JavaThread "Stdin handler" [_thread_blocked, id=6788, stack(0x0000004f09b00000,0x0000004f09c00000)]
  0x00000206e541d800 JavaThread "Asynchronous log dispatcher for DefaultDaemonConnection: socket connection from /127.0.0.1:51972 to /127.0.0.1:51973" [_thread_blocked, id=12984, stack(0x0000004f09a00000,0x0000004f09b00000)]
  0x00000206e3b5a000 JavaThread "Daemon worker" [_thread_blocked, id=15684, stack(0x0000004f09900000,0x0000004f09a00000)]
  0x00000206e3948800 JavaThread "Cancel handler" [_thread_blocked, id=2932, stack(0x0000004f09800000,0x0000004f09900000)]
  0x00000206e4a49000 JavaThread "Handler for socket connection from /127.0.0.1:51972 to /127.0.0.1:51973" [_thread_in_native, id=12492, stack(0x0000004f09700000,0x0000004f09800000)]
  0x00000206e50e9800 JavaThread "Daemon" [_thread_blocked, id=1452, stack(0x0000004f09600000,0x0000004f09700000)]
  0x00000206e3c3e000 JavaThread "Daemon periodic checks" [_thread_blocked, id=15452, stack(0x0000004f09500000,0x0000004f09600000)]
  0x00000206e4ec9800 JavaThread "Incoming local TCP Connector on port 51972" [_thread_in_native, id=10080, stack(0x0000004f09400000,0x0000004f09500000)]
  0x00000206e2e09000 JavaThread "Service Thread" daemon [_thread_blocked, id=14168, stack(0x0000004f09200000,0x0000004f09300000)]
  0x00000206e2d8a000 JavaThread "C1 CompilerThread2" daemon [_thread_blocked, id=10152, stack(0x0000004f09100000,0x0000004f09200000)]
=>0x00000206e2d83000 JavaThread "C2 CompilerThread1" daemon [_thread_in_native, id=14292, stack(0x0000004f09000000,0x0000004f09100000)]
  0x00000206e2d79000 JavaThread "C2 CompilerThread0" daemon [_thread_in_native, id=13680, stack(0x0000004f08f00000,0x0000004f09000000)]
  0x00000206e2d77000 JavaThread "Attach Listener" daemon [_thread_blocked, id=13760, stack(0x0000004f08e00000,0x0000004f08f00000)]
  0x00000206e2d7f800 JavaThread "Signal Dispatcher" daemon [_thread_blocked, id=6420, stack(0x0000004f08d00000,0x0000004f08e00000)]
  0x00000206ced3a800 JavaThread "Finalizer" daemon [_thread_blocked, id=4932, stack(0x0000004f08c00000,0x0000004f08d00000)]
  0x00000206e2d55000 JavaThread "Reference Handler" daemon [_thread_blocked, id=15536, stack(0x0000004f08b00000,0x0000004f08c00000)]
  0x00000206ceb78000 JavaThread "main" [_thread_blocked, id=1768, stack(0x0000004f08500000,0x0000004f08600000)]

Other Threads:
  0x00000206e2d32000 VMThread [stack: 0x0000004f08a00000,0x0000004f08b00000] [id=15720]
  0x00000206e2e0a800 WatcherThread [stack: 0x0000004f09300000,0x0000004f09400000] [id=7428]

VM state:not at safepoint (normal execution)

VM Mutex/Monitor currently owned by a thread: None

heap address: 0x00000000c0000000, size: 1024 MB, Compressed Oops mode: 32-bit
Narrow klass base: 0x0000000000000000, Narrow klass shift: 3
Compressed class space size: 1073741824 Address: 0x0000000100000000

Heap:
 PSYoungGen      total 128000K, used 80950K [0x00000000eab00000, 0x00000000f3700000, 0x0000000100000000)
  eden space 116224K, 59% used [0x00000000eab00000,0x00000000eee92a50,0x00000000f1c80000)
  from space 11776K, 99% used [0x00000000f1c80000,0x00000000f27faf90,0x00000000f2800000)
  to   space 11776K, 0% used [0x00000000f2800000,0x00000000f2800000,0x00000000f3380000)
 ParOldGen       total 98304K, used 49491K [0x00000000c0000000, 0x00000000c6000000, 0x00000000eab00000)
  object space 98304K, 50% used [0x00000000c0000000,0x00000000c3054cf0,0x00000000c6000000)
 Metaspace       used 43504K, capacity 44636K, committed 44760K, reserved 1087488K
  class space    used 5980K, capacity 6285K, committed 6400K, reserved 1048576K

Card table byte_map: [0x00000206df8c0000,0x00000206dfad0000] byte_map_base: 0x00000206df2c0000

Marking Bits: (ParMarkBitMap*) 0x0000000057ef5f70
 Begin Bits: [0x00000206dfc30000, 0x00000206e0c30000)
 End Bits:   [0x00000206e0c30000, 0x00000206e1c30000)

Polling page: 0x00000206cead0000

CodeCache: size=245760Kb used=13736Kb max_used=13955Kb free=232023Kb
 bounds [0x00000206d0500000, 0x00000206d12e0000, 0x00000206df500000]
 total_blobs=4780 nmethods=4026 adapters=665
 compilation: enabled

Compilation events (10 events):
Event: 18.046 Thread 0x00000206e2d83000 nmethod 4586 0x00000206d0f4aa50 code [0x00000206d0f4aba0, 0x00000206d0f4ac78]
Event: 18.046 Thread 0x00000206e2d83000 4589       4       java.util.HashMap$Values::forEach (110 bytes)
Event: 18.078 Thread 0x00000206e2d79000 nmethod 4587 0x00000206d10107d0 code [0x00000206d1010960, 0x00000206d1011658]
Event: 18.078 Thread 0x00000206e2d79000 4595       4       java.util.HashMap::getOrDefault (23 bytes)
Event: 18.083 Thread 0x00000206e2d79000 nmethod 4595 0x00000206d08d9750 code [0x00000206d08d98a0, 0x00000206d08d9b78]
Event: 18.083 Thread 0x00000206e2d79000 4591       4       java.lang.AbstractStringBuilder::getChars (64 bytes)
Event: 18.085 Thread 0x00000206e2d79000 nmethod 4591 0x00000206d129e450 code [0x00000206d129e5a0, 0x00000206d129e758]
Event: 18.086 Thread 0x00000206e2d79000 4592       4       java.lang.StringBuilder::getChars (10 bytes)
Event: 18.088 Thread 0x00000206e2d79000 nmethod 4592 0x00000206d099e410 code [0x00000206d099e560, 0x00000206d099e718]
Event: 18.088 Thread 0x00000206e2d79000 4596       4       net.minecraftforge.gradle.common.util.MappingFile::remapDesc (79 bytes)

GC Heap History (10 events):
Event: 13.256 GC heap before
{Heap before GC invocations=11 (full 2):
 PSYoungGen      total 84992K, used 8801K [0x00000000eab00000, 0x00000000f2180000, 0x0000000100000000)
  eden space 73728K, 0% used [0x00000000eab00000,0x00000000eab00000,0x00000000ef300000)
  from space 11264K, 78% used [0x00000000ef300000,0x00000000efb986a0,0x00000000efe00000)
  to   space 11776K, 0% used [0x00000000f1600000,0x00000000f1600000,0x00000000f2180000)
 ParOldGen       total 64512K, used 9491K [0x00000000c0000000, 0x00000000c3f00000, 0x00000000eab00000)
  object space 64512K, 14% used [0x00000000c0000000,0x00000000c0944c28,0x00000000c3f00000)
 Metaspace       used 34812K, capacity 35388K, committed 35416K, reserved 1079296K
  class space    used 4731K, capacity 4971K, committed 4992K, reserved 1048576K
Event: 13.367 GC heap after
Heap after GC invocations=11 (full 2):
 PSYoungGen      total 84992K, used 0K [0x00000000eab00000, 0x00000000f2180000, 0x0000000100000000)
  eden space 73728K, 0% used [0x00000000eab00000,0x00000000eab00000,0x00000000ef300000)
  from space 11264K, 0% used [0x00000000ef300000,0x00000000ef300000,0x00000000efe00000)
  to   space 11776K, 0% used [0x00000000f1600000,0x00000000f1600000,0x00000000f2180000)
 ParOldGen       total 98304K, used 15471K [0x00000000c0000000, 0x00000000c6000000, 0x00000000eab00000)
  object space 98304K, 15% used [0x00000000c0000000,0x00000000c0f1bf70,0x00000000c6000000)
 Metaspace       used 34812K, capacity 35388K, committed 35416K, reserved 1079296K
  class space    used 4731K, capacity 4971K, committed 4992K, reserved 1048576K
}
Event: 14.933 GC heap before
{Heap before GC invocations=12 (full 2):
 PSYoungGen      total 84992K, used 73319K [0x00000000eab00000, 0x00000000f2180000, 0x0000000100000000)
  eden space 73728K, 99% used [0x00000000eab00000,0x00000000ef299d78,0x00000000ef300000)
  from space 11264K, 0% used [0x00000000ef300000,0x00000000ef300000,0x00000000efe00000)
  to   space 11776K, 0% used [0x00000000f1600000,0x00000000f1600000,0x00000000f2180000)
 ParOldGen       total 98304K, used 15471K [0x00000000c0000000, 0x00000000c6000000, 0x00000000eab00000)
  object space 98304K, 15% used [0x00000000c0000000,0x00000000c0f1bf70,0x00000000c6000000)
 Metaspace       used 39495K, capacity 40304K, committed 40536K, reserved 1083392K
  class space    used 5449K, capacity 5731K, committed 5760K, reserved 1048576K
Event: 14.945 GC heap after
Heap after GC invocations=12 (full 2):
 PSYoungGen      total 99328K, used 7138K [0x00000000eab00000, 0x00000000f1d00000, 0x0000000100000000)
  eden space 92160K, 0% used [0x00000000eab00000,0x00000000eab00000,0x00000000f0500000)
  from space 7168K, 99% used [0x00000000f1600000,0x00000000f1cf8a18,0x00000000f1d00000)
  to   space 11264K, 0% used [0x00000000f0700000,0x00000000f0700000,0x00000000f1200000)
 ParOldGen       total 98304K, used 15479K [0x00000000c0000000, 0x00000000c6000000, 0x00000000eab00000)
  object space 98304K, 15% used [0x00000000c0000000,0x00000000c0f1df70,0x00000000c6000000)
 Metaspace       used 39495K, capacity 40304K, committed 40536K, reserved 1083392K
  class space    used 5449K, capacity 5731K, committed 5760K, reserved 1048576K
}
Event: 16.215 GC heap before
{Heap before GC invocations=13 (full 2):
 PSYoungGen      total 99328K, used 96162K [0x00000000eab00000, 0x00000000f1d00000, 0x0000000100000000)
  eden space 92160K, 96% used [0x00000000eab00000,0x00000000f01f00c8,0x00000000f0500000)
  from space 7168K, 99% used [0x00000000f1600000,0x00000000f1cf8a18,0x00000000f1d00000)
  to   space 11264K, 0% used [0x00000000f0700000,0x00000000f0700000,0x00000000f1200000)
 ParOldGen       total 98304K, used 15479K [0x00000000c0000000, 0x00000000c6000000, 0x00000000eab00000)
  object space 98304K, 15% used [0x00000000c0000000,0x00000000c0f1df70,0x00000000c6000000)
 Metaspace       used 40815K, capacity 41688K, committed 41944K, reserved 1085440K
  class space    used 5571K, capacity 5837K, committed 5888K, reserved 1048576K
Event: 16.234 GC heap after
Heap after GC invocations=13 (full 2):
 PSYoungGen      total 105472K, used 8789K [0x00000000eab00000, 0x00000000f3380000, 0x0000000100000000)
  eden space 94208K, 0% used [0x00000000eab00000,0x00000000eab00000,0x00000000f0700000)
  from space 11264K, 78% used [0x00000000f0700000,0x00000000f0f95510,0x00000000f1200000)
  to   space 11776K, 0% used [0x00000000f2800000,0x00000000f2800000,0x00000000f3380000)
 ParOldGen       total 98304K, used 36031K [0x00000000c0000000, 0x00000000c6000000, 0x00000000eab00000)
  object space 98304K, 36% used [0x00000000c0000000,0x00000000c232ffb0,0x00000000c6000000)
 Metaspace       used 40815K, capacity 41688K, committed 41944K, reserved 1085440K
  class space    used 5571K, capacity 5837K, committed 5888K, reserved 1048576K
}
Event: 16.705 GC heap before
{Heap before GC invocations=14 (full 2):
 PSYoungGen      total 105472K, used 102997K [0x00000000eab00000, 0x00000000f3380000, 0x0000000100000000)
  eden space 94208K, 100% used [0x00000000eab00000,0x00000000f0700000,0x00000000f0700000)
  from space 11264K, 78% used [0x00000000f0700000,0x00000000f0f95510,0x00000000f1200000)
  to   space 11776K, 0% used [0x00000000f2800000,0x00000000f2800000,0x00000000f3380000)
 ParOldGen       total 98304K, used 36031K [0x00000000c0000000, 0x00000000c6000000, 0x00000000eab00000)
  object space 98304K, 36% used [0x00000000c0000000,0x00000000c232ffb0,0x00000000c6000000)
 Metaspace       used 41127K, capacity 42068K, committed 42328K, reserved 1085440K
  class space    used 5621K, capacity 5889K, committed 6016K, reserved 1048576K
Event: 16.714 GC heap after
Heap after GC invocations=14 (full 2):
 PSYoungGen      total 128000K, used 4736K [0x00000000eab00000, 0x00000000f3700000, 0x0000000100000000)
  eden space 116224K, 0% used [0x00000000eab00000,0x00000000eab00000,0x00000000f1c80000)
  from space 11776K, 40% used [0x00000000f2800000,0x00000000f2ca0030,0x00000000f3380000)
  to   space 11776K, 0% used [0x00000000f1c80000,0x00000000f1c80000,0x00000000f2800000)
 ParOldGen       total 98304K, used 36039K [0x00000000c0000000, 0x00000000c6000000, 0x00000000eab00000)
  object space 98304K, 36% used [0x00000000c0000000,0x00000000c2331fb0,0x00000000c6000000)
 Metaspace       used 41127K, capacity 42068K, committed 42328K, reserved 1085440K
  class space    used 5621K, capacity 5889K, committed 6016K, reserved 1048576K
}
Event: 17.674 GC heap before
{Heap before GC invocations=15 (full 2):
 PSYoungGen      total 128000K, used 120960K [0x00000000eab00000, 0x00000000f3700000, 0x0000000100000000)
  eden space 116224K, 100% used [0x00000000eab00000,0x00000000f1c80000,0x00000000f1c80000)
  from space 11776K, 40% used [0x00000000f2800000,0x00000000f2ca0030,0x00000000f3380000)
  to   space 11776K, 0% used [0x00000000f1c80000,0x00000000f1c80000,0x00000000f2800000)
 ParOldGen       total 98304K, used 36039K [0x00000000c0000000, 0x00000000c6000000, 0x00000000eab00000)
  object space 98304K, 36% used [0x00000000c0000000,0x00000000c2331fb0,0x00000000c6000000)
 Metaspace       used 43382K, capacity 44460K, committed 44760K, reserved 1087488K
  class space    used 5970K, capacity 6277K, committed 6400K, reserved 1048576K
Event: 17.709 GC heap after
Heap after GC invocations=15 (full 2):
 PSYoungGen      total 128000K, used 11755K [0x00000000eab00000, 0x00000000f3700000, 0x0000000100000000)
  eden space 116224K, 0% used [0x00000000eab00000,0x00000000eab00000,0x00000000f1c80000)
  from space 11776K, 99% used [0x00000000f1c80000,0x00000000f27faf90,0x00000000f2800000)
  to   space 11776K, 0% used [0x00000000f2800000,0x00000000f2800000,0x00000000f3380000)
 ParOldGen       total 98304K, used 49491K [0x00000000c0000000, 0x00000000c6000000, 0x00000000eab00000)
  object space 98304K, 50% used [0x00000000c0000000,0x00000000c3054cf0,0x00000000c6000000)
 Metaspace       used 43382K, capacity 44460K, committed 44760K, reserved 1087488K
  class space    used 5970K, capacity 6277K, committed 6400K, reserved 1048576K
}

Deoptimization events (10 events):
Event: 17.714 Thread 0x00000206e5ced000 Uncommon trap: reason=predicate action=maybe_recompile pc=0x00000206d0a6f894 method=java.util.ArrayList$ArrayListSpliterator.forEachRemaining(Ljava/util/function/Consumer;)V @ 90
Event: 17.715 Thread 0x00000206e5ced000 Uncommon trap: reason=class_check action=maybe_recompile pc=0x00000206d06f12a0 method=java.util.ArrayList$ArrayListSpliterator.forEachRemaining(Ljava/util/function/Consumer;)V @ 99
Event: 17.716 Thread 0x00000206e5ced000 Uncommon trap: reason=class_check action=maybe_recompile pc=0x00000206d06f12a0 method=java.util.ArrayList$ArrayListSpliterator.forEachRemaining(Ljava/util/function/Consumer;)V @ 99
Event: 17.716 Thread 0x00000206e5ced000 Uncommon trap: reason=class_check action=maybe_recompile pc=0x00000206d06f12a0 method=java.util.ArrayList$ArrayListSpliterator.forEachRemaining(Ljava/util/function/Consumer;)V @ 99
Event: 17.717 Thread 0x00000206e5ced000 Uncommon trap: reason=class_check action=maybe_recompile pc=0x00000206d06f12a0 method=java.util.ArrayList$ArrayListSpliterator.forEachRemaining(Ljava/util/function/Consumer;)V @ 99
Event: 17.830 Thread 0x00000206e5ced000 Uncommon trap: reason=unloaded action=reinterpret pc=0x00000206d063894c method=java.util.regex.Pattern.escape(ZZZ)I @ 725
Event: 17.830 Thread 0x00000206e5ced000 Uncommon trap: reason=unstable_if action=reinterpret pc=0x00000206d077a75c method=java.util.regex.Pattern$Curly.study(Ljava/util/regex/Pattern$TreeInfo;)Z @ 71
Event: 17.834 Thread 0x00000206e5ced000 Uncommon trap: reason=unstable_if action=reinterpret pc=0x00000206d0739264 method=java.util.zip.ZipEntry.setExtra0([BZ)V @ 32
Event: 17.884 Thread 0x00000206e5ced000 Uncommon trap: reason=unstable_if action=reinterpret pc=0x00000206d0e1e81c method=de.siegmar.fastcsv.reader.CsvParser.nextRow()Lde/siegmar/fastcsv/reader/CsvRow; @ 52
Event: 17.931 Thread 0x00000206e5ced000 Uncommon trap: reason=null_check action=make_not_entrant pc=0x00000206d0af1054 method=de.siegmar.fastcsv.reader.CsvRow.getField(Ljava/lang/String;)Ljava/lang/String; @ 27

Classes redefined (0 events):
No events

Internal exceptions (10 events):
Event: 16.638 Thread 0x00000206e3b5a000 Exception <a 'java/lang/ClassNotFoundException': net/minecraftforge/gradle/userdev/tasks/RenameJarInPlace_DecoratedCustomizer> (0x00000000f0464e58) thrown at [C:\cygwin64\tmp\openjdk-jdk8u-windows-x64-hotspot\workspace\build\src\hotspot\src\share\vm\class
Event: 17.025 Thread 0x00000206e5ceb000 Exception <a 'java/lang/NoSuchMethodError': <clinit>> (0x00000000eb3d7220) thrown at [C:\cygwin64\tmp\openjdk-jdk8u-windows-x64-hotspot\workspace\build\src\hotspot\src\share\vm\prims\jni.cpp, line 1615]
Event: 17.025 Thread 0x00000206e5ceb000 Exception <a 'java/lang/NoSuchMethodError': <clinit>> (0x00000000eb3d9790) thrown at [C:\cygwin64\tmp\openjdk-jdk8u-windows-x64-hotspot\workspace\build\src\hotspot\src\share\vm\prims\jni.cpp, line 1615]
Event: 17.027 Thread 0x00000206e5ceb000 Exception <a 'java/lang/NoSuchMethodError': <clinit>> (0x00000000eb3e4cb0) thrown at [C:\cygwin64\tmp\openjdk-jdk8u-windows-x64-hotspot\workspace\build\src\hotspot\src\share\vm\prims\jni.cpp, line 1615]
Event: 17.028 Thread 0x00000206e5ceb000 Exception <a 'java/lang/NoSuchMethodError': <clinit>> (0x00000000eb3f6410) thrown at [C:\cygwin64\tmp\openjdk-jdk8u-windows-x64-hotspot\workspace\build\src\hotspot\src\share\vm\prims\jni.cpp, line 1615]
Event: 17.142 Thread 0x00000206e5ceb000 Exception <a 'java/lang/NoSuchMethodError': <clinit>> (0x00000000eb5ff180) thrown at [C:\cygwin64\tmp\openjdk-jdk8u-windows-x64-hotspot\workspace\build\src\hotspot\src\share\vm\prims\jni.cpp, line 1615]
Event: 17.144 Thread 0x00000206e5ceb000 Exception <a 'java/lang/NoSuchMethodError': <clinit>> (0x00000000eb68dab8) thrown at [C:\cygwin64\tmp\openjdk-jdk8u-windows-x64-hotspot\workspace\build\src\hotspot\src\share\vm\prims\jni.cpp, line 1615]
Event: 17.144 Thread 0x00000206e5ceb000 Exception <a 'java/lang/NoSuchMethodError': <clinit>> (0x00000000eb68f368) thrown at [C:\cygwin64\tmp\openjdk-jdk8u-windows-x64-hotspot\workspace\build\src\hotspot\src\share\vm\prims\jni.cpp, line 1615]
Event: 17.144 Thread 0x00000206e5ceb000 Exception <a 'java/lang/NoSuchMethodError': <clinit>> (0x00000000eb690a80) thrown at [C:\cygwin64\tmp\openjdk-jdk8u-windows-x64-hotspot\workspace\build\src\hotspot\src\share\vm\prims\jni.cpp, line 1615]
Event: 17.931 Thread 0x00000206e5ced000 Implicit null exception at 0x00000206d0af0dd1 to 0x00000206d0af1044

Events (10 events):
Event: 18.002 loading class net/minecraftforge/gradle/common/util/MappingFile$Cls
Event: 18.002 loading class net/minecraftforge/gradle/common/util/MappingFile$Cls done
Event: 18.002 Thread 0x00000206e2d8a000 flushing nmethod 0x00000206d098bc10
Event: 18.002 loading class net/minecraftforge/gradle/common/util/MappingFile$Cls
Event: 18.002 loading class net/minecraftforge/gradle/common/util/MappingFile$Cls done
Event: 18.003 loading class net/minecraftforge/gradle/common/util/MappingFile$Cls$Method
Event: 18.003 loading class net/minecraftforge/gradle/common/util/MappingFile$Cls$Method done
Event: 18.003 loading class net/minecraftforge/gradle/common/util/MappingFile$Cls
Event: 18.003 loading class net/minecraftforge/gradle/common/util/MappingFile$Cls done
Event: 18.008 Thread 0x00000206e2d8a000 flushing nmethod 0x00000206d0f58850


Dynamic libraries:
0x00007ff73cf00000 - 0x00007ff73cf3a000 	C:\Users\ervin_1nmnhvl\.jdks\adopt-openjdk-1.8.0_232\bin\java.exe
0x00007ffe3d990000 - 0x00007ffe3db86000 	C:\WINDOWS\SYSTEM32\ntdll.dll
0x00007ffe3d7b0000 - 0x00007ffe3d86d000 	C:\WINDOWS\System32\KERNEL32.DLL
0x00007ffe3b170000 - 0x00007ffe3b439000 	C:\WINDOWS\System32\KERNELBASE.dll
0x00007ffe3c0b0000 - 0x00007ffe3c15c000 	C:\WINDOWS\System32\ADVAPI32.dll
0x00007ffe3cba0000 - 0x00007ffe3cc3e000 	C:\WINDOWS\System32\msvcrt.dll
0x00007ffe3bf90000 - 0x00007ffe3c02c000 	C:\WINDOWS\System32\sechost.dll
0x00007ffe3c320000 - 0x00007ffe3c44b000 	C:\WINDOWS\System32\RPCRT4.dll
0x00007ffe3d5e0000 - 0x00007ffe3d780000 	C:\WINDOWS\System32\USER32.dll
0x00007ffe3b940000 - 0x00007ffe3b962000 	C:\WINDOWS\System32\win32u.dll
0x00007ffe3d780000 - 0x00007ffe3d7aa000 	C:\WINDOWS\System32\GDI32.dll
0x00007ffe3b670000 - 0x00007ffe3b779000 	C:\WINDOWS\System32\gdi32full.dll
0x00007ffe3b0d0000 - 0x00007ffe3b16d000 	C:\WINDOWS\System32\msvcp_win.dll
0x00007ffe3b570000 - 0x00007ffe3b670000 	C:\WINDOWS\System32\ucrtbase.dll
0x00007ffe27640000 - 0x00007ffe278db000 	C:\WINDOWS\WinSxS\amd64_microsoft.windows.common-controls_6595b64144ccf1df_6.0.19041.488_none_ca04af081b815d21\COMCTL32.dll
0x00007ffe3b9f0000 - 0x00007ffe3ba20000 	C:\WINDOWS\System32\IMM32.DLL
0x00007ffe00210000 - 0x00007ffe002ff000 	C:\Users\ervin_1nmnhvl\.jdks\adopt-openjdk-1.8.0_232\jre\bin\msvcr120.dll
0x00007ffdfffa0000 - 0x00007ffe00046000 	C:\Users\ervin_1nmnhvl\.jdks\adopt-openjdk-1.8.0_232\jre\bin\msvcp120.dll
0x0000000057770000 - 0x0000000057f6f000 	C:\Users\ervin_1nmnhvl\.jdks\adopt-openjdk-1.8.0_232\jre\bin\server\jvm.dll
0x00007ffe3c160000 - 0x00007ffe3c168000 	C:\WINDOWS\System32\PSAPI.DLL
0x00007ffe340e0000 - 0x00007ffe340ea000 	C:\WINDOWS\SYSTEM32\VERSION.dll
0x00007ffe345b0000 - 0x00007ffe345d7000 	C:\WINDOWS\SYSTEM32\WINMM.dll
0x00007ffe16af0000 - 0x00007ffe16af9000 	C:\WINDOWS\SYSTEM32\WSOCK32.dll
0x00007ffe3c030000 - 0x00007ffe3c09b000 	C:\WINDOWS\System32\WS2_32.dll
0x00007ffe37520000 - 0x00007ffe3752f000 	C:\Users\ervin_1nmnhvl\.jdks\adopt-openjdk-1.8.0_232\jre\bin\verify.dll
0x00007ffe291f0000 - 0x00007ffe29218000 	C:\Users\ervin_1nmnhvl\.jdks\adopt-openjdk-1.8.0_232\jre\bin\java.dll
0x00007ffe35df0000 - 0x00007ffe35e06000 	C:\Users\ervin_1nmnhvl\.jdks\adopt-openjdk-1.8.0_232\jre\bin\zip.dll
0x00007ffe3c450000 - 0x00007ffe3cb92000 	C:\WINDOWS\System32\SHELL32.dll
0x00007ffe39090000 - 0x00007ffe39825000 	C:\WINDOWS\SYSTEM32\windows.storage.dll
0x00007ffe3cc40000 - 0x00007ffe3cf96000 	C:\WINDOWS\System32\combase.dll
0x00007ffe3a9a0000 - 0x00007ffe3a9cc000 	C:\WINDOWS\SYSTEM32\Wldp.dll
0x00007ffe3bad0000 - 0x00007ffe3bb7e000 	C:\WINDOWS\System32\SHCORE.dll
0x00007ffe3bde0000 - 0x00007ffe3be35000 	C:\WINDOWS\System32\shlwapi.dll
0x00007ffe3b000000 - 0x00007ffe3b026000 	C:\WINDOWS\SYSTEM32\profapi.dll
0x00007ffe23f40000 - 0x00007ffe23f5a000 	C:\Users\ervin_1nmnhvl\.jdks\adopt-openjdk-1.8.0_232\jre\bin\net.dll
0x00007ffe3a790000 - 0x00007ffe3a7fa000 	C:\WINDOWS\system32\mswsock.dll
0x00007ffe20b70000 - 0x00007ffe20b82000 	C:\Users\ervin_1nmnhvl\.jdks\adopt-openjdk-1.8.0_232\jre\bin\nio.dll
0x00007ffe37530000 - 0x00007ffe3754e000 	C:\Users\ervin_1nmnhvl\.gradle\native\25\windows-amd64\native-platform.dll
0x00007ffe2ea10000 - 0x00007ffe2ea1d000 	C:\Users\ervin_1nmnhvl\.jdks\adopt-openjdk-1.8.0_232\jre\bin\management.dll
0x00007ffe3ad30000 - 0x00007ffe3ad48000 	C:\WINDOWS\SYSTEM32\CRYPTSP.dll
0x00007ffe3a040000 - 0x00007ffe3a074000 	C:\WINDOWS\system32\rsaenh.dll
0x00007ffe3b540000 - 0x00007ffe3b567000 	C:\WINDOWS\System32\bcrypt.dll
0x00007ffe3afc0000 - 0x00007ffe3afee000 	C:\WINDOWS\SYSTEM32\USERENV.dll
0x00007ffe3b970000 - 0x00007ffe3b9f0000 	C:\WINDOWS\System32\bcryptprimitives.dll
0x00007ffe3a910000 - 0x00007ffe3a91c000 	C:\WINDOWS\SYSTEM32\CRYPTBASE.dll
0x00007ffe3a4a0000 - 0x00007ffe3a4db000 	C:\WINDOWS\SYSTEM32\IPHLPAPI.DLL
0x00007ffe3bb80000 - 0x00007ffe3bb88000 	C:\WINDOWS\System32\NSI.dll
0x00007ffe32eb0000 - 0x00007ffe32ec7000 	C:\WINDOWS\SYSTEM32\dhcpcsvc6.DLL
0x00007ffe32fe0000 - 0x00007ffe32ffd000 	C:\WINDOWS\SYSTEM32\dhcpcsvc.DLL
0x00007ffe3a4e0000 - 0x00007ffe3a5ab000 	C:\WINDOWS\SYSTEM32\DNSAPI.dll
0x00007ffe11140000 - 0x00007ffe11163000 	C:\Users\ervin_1nmnhvl\.jdks\adopt-openjdk-1.8.0_232\jre\bin\sunec.dll
0x00007ffe2b560000 - 0x00007ffe2b56b000 	C:\Users\ervin_1nmnhvl\.jdks\adopt-openjdk-1.8.0_232\jre\bin\sunmscapi.dll
0x00007ffe3b7e0000 - 0x00007ffe3b93d000 	C:\WINDOWS\System32\CRYPT32.dll
0x00007ffe2cc30000 - 0x00007ffe2cc3a000 	C:\Windows\System32\rasadhlp.dll
0x00007ffe30490000 - 0x00007ffe3050f000 	C:\WINDOWS\System32\fwpuclnt.dll

VM Arguments:
jvm_args: -XX:+HeapDumpOnOutOfMemoryError -Xmx1024m -Dfile.encoding=windows-1250 -Duser.country=HU -Duser.language=hu -Duser.variant 
java_command: org.gradle.launcher.daemon.bootstrap.GradleDaemon 4.10.3
java_class_path (initial): C:\Users\ervin_1nmnhvl\.gradle\wrapper\dists\gradle-4.10.3-bin\31t79e2qsceia4mkbojplrgx\gradle-4.10.3\lib\gradle-launcher-4.10.3.jar
Launcher Type: SUN_STANDARD

Environment Variables:
JAVA_HOME=C:\Program Files\Java\jdk-11.0.4
PATH=C:\Program Files\Docker\Docker\Resources\bin;C:\ProgramData\Oracle\Java\javapath;C:\WINDOWS\system32;C:\WINDOWS;C:\WINDOWS\System32\Wbem;C:\WINDOWS\System32\WindowsPowerShell\v1.0\;C:\Program Files (x86)\cloudControl;C:\Program Files\Git\cmd;C:\bin;C:\Program Files (x86)\Windows Kits\8.1\Windows Performance Toolkit\;C:\Program Files (x86)\PuTTY\;C:\Program Files (x86)\Nodist\bin;G:\save\sdk\android\tools;G:\save\sdk\android\platform-tools;C:\boxfuse;C:\Program Files (x86)\Skype\Phone\;C:\Program Files (x86)\GtkSharp\2.12\bin;C:\Program Files (x86)\IVI Foundation\VISA\WinNT\Bin;C:\WINDOWS\system32;C:\WINDOWS;C:\WINDOWS\System32\Wbem;C:\WINDOWS\System32\WindowsPowerShell\v1.0\;;C:\WINDOWS\System32\OpenSSH\;C:\Users\ervin_1nmnhvl\AppData\Local\Microsoft\WindowsApps;
USERNAME=ervin_1nmnhvl
OS=Windows_NT
PROCESSOR_IDENTIFIER=Intel64 Family 6 Model 42 Stepping 7, GenuineIntel



---------------  S Y S T E M  ---------------

OS: Windows 10.0 , 64 bit Build 19041 (10.0.19041.662)

CPU:total 4 (initial active 4) (2 cores per cpu, 2 threads per core) family 6 model 42 stepping 7, cmov, cx8, fxsr, mmx, sse, sse2, sse3, ssse3, sse4.1, sse4.2, popcnt, avx, aes, clmul, ht, tsc, tscinvbit

Memory: 4k page, physical 8266764k(753880k free), swap 10363916k(1152k free)

vm_info: OpenJDK 64-Bit Server VM (25.232-b09) for windows-amd64 JRE (1.8.0_232-b09), built on Oct 18 2019 15:06:13 by "jenkins" with MS VC++ 12.0 (VS2013)

time: Wed Dec 16 13:31:10 2020
timezone: Közép-európai téli ido 
elapsed time: 18 seconds (0d 0h 0m 18s)

